<?xml version="1.0" encoding="UTF-8"?>
<robot generator="Robot 3.0.4 (Python 3.7.0 on darwin)" generated="20181025 11:11:14.627">
<suite id="s1" name="Tests" source="/Users/mprcic/Documents/Salesforce/sampleUnlockedPackage/tests">
<suite id="s1-s1" name="Standard Objects" source="/Users/mprcic/Documents/Salesforce/sampleUnlockedPackage/tests/standard_objects">
<suite id="s1-s1-s1" name="Create Contact" source="/Users/mprcic/Documents/Salesforce/sampleUnlockedPackage/tests/standard_objects/create_contact.robot">
<kw name="Open Test Browser" library="Salesforce" type="setup">
<kw name="Login Url" library="cumulusci.robotframework.CumulusCI">
<doc>Returns the login url which will automatically log into the target</doc>
<assign>
<var>${login_url}</var>
</assign>
<msg timestamp="20181025 11:11:14.820" level="INFO">${login_url} = https://computing-java-3438-dev-ed.cs64.my.salesforce.com/secur/frontdoor.jsp?sid=00D0q00000012OF!AQ0AQE3yYHlP9WjIGKYpkC0yMYy_ubwwqzCQ011Dw8eYIwmaEDv.16jSfR57BcLdkTSFYdZDeEoyFlx97I2uOZLXACuTMbTs</msg>
<status status="PASS" starttime="20181025 11:11:14.819" endtime="20181025 11:11:14.820"></status>
</kw>
<kw name="Run Keyword If" library="BuiltIn">
<doc>Runs the given keyword with the given arguments, if ``condition`` is true.</doc>
<arguments>
<arg>'${BROWSER}' == 'chrome'</arg>
<arg>Open Test Browser Chrome</arg>
<arg>${login_url}</arg>
<arg>ELSE IF</arg>
<arg>'${BROWSER}' == 'firefox'</arg>
<arg>Open Test Browser Firefox</arg>
<arg>${login_url}</arg>
<arg>ELSE IF</arg>
<arg>'${BROWSER}' == 'headlesschrome'</arg>
<arg>Open Test Browser Chrome</arg>
<arg>${login_url}</arg>
<arg>ELSE IF</arg>
<arg>'${BROWSER}' == 'headlessfirefox'</arg>
<arg>Open Test Browser Headless Firefox</arg>
<arg>${login_url}</arg>
<arg>ELSE</arg>
<arg>Open Browser</arg>
<arg>${login_url}</arg>
<arg>${BROWSER}</arg>
</arguments>
<kw name="Open Test Browser Chrome" library="Salesforce">
<arguments>
<arg>${login_url}</arg>
</arguments>
<kw name="Get Chrome Options" library="Salesforce">
<assign>
<var>${options}</var>
</assign>
<kw name="Evaluate" library="BuiltIn">
<doc>Evaluates the given expression in Python and returns the results.</doc>
<arguments>
<arg>selenium.webdriver.ChromeOptions()</arg>
<arg>modules=selenium</arg>
</arguments>
<assign>
<var>${options}</var>
</assign>
<msg timestamp="20181025 11:11:14.821" level="INFO">${options} = &lt;selenium.webdriver.chrome.options.Options object at 0x106feff98&gt;</msg>
<status status="PASS" starttime="20181025 11:11:14.821" endtime="20181025 11:11:14.821"></status>
</kw>
<kw name="Run Keyword If" library="BuiltIn">
<doc>Runs the given keyword with the given arguments, if ``condition`` is true.</doc>
<arguments>
<arg>'${BROWSER}' == 'headlesschrome'</arg>
<arg>Chrome Set Headless</arg>
<arg>${options}</arg>
</arguments>
<status status="PASS" starttime="20181025 11:11:14.821" endtime="20181025 11:11:14.822"></status>
</kw>
<kw name="Run Keyword If" library="BuiltIn">
<doc>Runs the given keyword with the given arguments, if ``condition`` is true.</doc>
<arguments>
<arg>'${CHROME_BINARY}' != '${empty}'</arg>
<arg>Chrome Set Binary</arg>
<arg>${options}</arg>
</arguments>
<status status="PASS" starttime="20181025 11:11:14.822" endtime="20181025 11:11:14.822"></status>
</kw>
<kw name="Call Method" library="BuiltIn">
<doc>Calls the named method of the given object with the provided arguments.</doc>
<arguments>
<arg>${options}</arg>
<arg>add_argument</arg>
<arg>--disable-notifications</arg>
</arguments>
<status status="PASS" starttime="20181025 11:11:14.822" endtime="20181025 11:11:14.822"></status>
</kw>
<msg timestamp="20181025 11:11:14.822" level="INFO">${options} = &lt;selenium.webdriver.chrome.options.Options object at 0x106feff98&gt;</msg>
<status status="PASS" starttime="20181025 11:11:14.821" endtime="20181025 11:11:14.822"></status>
</kw>
<kw name="Create Webdriver" library="SeleniumLibrary">
<doc>Creates an instance of Selenium WebDriver.</doc>
<arguments>
<arg>Chrome</arg>
<arg>options=${options}</arg>
</arguments>
<msg timestamp="20181025 11:11:14.823" level="INFO">Creating an instance of the Chrome WebDriver.</msg>
<status status="PASS" starttime="20181025 11:11:14.823" endtime="20181025 11:11:18.349"></status>
</kw>
<kw name="Set Selenium Implicit Wait" library="SeleniumLibrary">
<doc>Sets the implicit wait value used by Selenium.</doc>
<arguments>
<arg>${IMPLICIT_WAIT}</arg>
</arguments>
<status status="PASS" starttime="20181025 11:11:18.350" endtime="20181025 11:11:18.359"></status>
</kw>
<kw name="Set Selenium Timeout" library="SeleniumLibrary">
<doc>Sets the timeout that is used by various keywords.</doc>
<arguments>
<arg>${TIMEOUT}</arg>
</arguments>
<status status="PASS" starttime="20181025 11:11:18.359" endtime="20181025 11:11:18.361"></status>
</kw>
<kw name="Go To" library="SeleniumLibrary">
<doc>Navigates the active browser instance to the provided ``url``.</doc>
<arguments>
<arg>${login_url}</arg>
</arguments>
<msg timestamp="20181025 11:11:18.362" level="INFO">Opening url 'https://computing-java-3438-dev-ed.cs64.my.salesforce.com/secur/frontdoor.jsp?sid=00D0q00000012OF!AQ0AQE3yYHlP9WjIGKYpkC0yMYy_ubwwqzCQ011Dw8eYIwmaEDv.16jSfR57BcLdkTSFYdZDeEoyFlx97I2uOZLXACuTMbTs'</msg>
<status status="PASS" starttime="20181025 11:11:18.361" endtime="20181025 11:11:24.647"></status>
</kw>
<status status="PASS" starttime="20181025 11:11:14.820" endtime="20181025 11:11:24.648"></status>
</kw>
<status status="PASS" starttime="20181025 11:11:14.820" endtime="20181025 11:11:24.648"></status>
</kw>
<kw name="Wait Until Loading Is Complete" library="cumulusci.robotframework.Salesforce">
<doc>Wait for LEX page to load.</doc>
<status status="PASS" starttime="20181025 11:11:24.648" endtime="20181025 11:11:27.815"></status>
</kw>
<status status="PASS" starttime="20181025 11:11:14.819" endtime="20181025 11:11:27.815"></status>
</kw>
<test id="s1-s1-s1-t1" name="Via API">
<kw name="Generate Random String" library="String">
<doc>Generates a string with a desired ``length`` from the given ``chars``.</doc>
<assign>
<var>${first_name}</var>
</assign>
<msg timestamp="20181025 11:11:27.819" level="INFO">${first_name} = PTmFLWSW</msg>
<status status="PASS" starttime="20181025 11:11:27.818" endtime="20181025 11:11:27.819"></status>
</kw>
<kw name="Generate Random String" library="String">
<doc>Generates a string with a desired ``length`` from the given ``chars``.</doc>
<assign>
<var>${last_name}</var>
</assign>
<msg timestamp="20181025 11:11:27.820" level="INFO">${last_name} = 0V2CZ5zR</msg>
<status status="PASS" starttime="20181025 11:11:27.819" endtime="20181025 11:11:27.820"></status>
</kw>
<kw name="Salesforce Insert" library="cumulusci.robotframework.Salesforce">
<doc>Inserts a Salesforce object setting fields using kwargs and returns the id</doc>
<arguments>
<arg>Contact</arg>
<arg>FirstName=${first_name}</arg>
<arg>LastName=${last_name}</arg>
</arguments>
<assign>
<var>${contact_id}</var>
</assign>
<msg timestamp="20181025 11:11:27.822" level="INFO">Inserting Contact with values {'FirstName': 'PTmFLWSW', 'LastName': '0V2CZ5zR'}</msg>
<msg timestamp="20181025 11:11:28.473" level="INFO">Storing Contact 0030q00000GwSJsAAN to session records</msg>
<msg timestamp="20181025 11:11:28.473" level="INFO">${contact_id} = 0030q00000GwSJsAAN</msg>
<status status="PASS" starttime="20181025 11:11:27.820" endtime="20181025 11:11:28.474"></status>
</kw>
<kw name="Salesforce Get" library="cumulusci.robotframework.Salesforce">
<doc>Gets a Salesforce object by id and returns the dict result</doc>
<arguments>
<arg>Contact</arg>
<arg>${contact_id}</arg>
</arguments>
<assign>
<var>&amp;{contact}</var>
</assign>
<msg timestamp="20181025 11:11:28.474" level="INFO">Getting Contact with Id 0030q00000GwSJsAAN</msg>
<msg timestamp="20181025 11:11:28.605" level="INFO">&amp;{contact} = { attributes={'type': 'Contact', 'url': '/services/data/v43.0/sobjects/Contact/0030q00000GwSJsAAN'} | Id=0030q00000GwSJsAAN | IsDeleted=False | MasterRecordId=None | AccountId=None | LastName=0V2CZ5zR...</msg>
<status status="PASS" starttime="20181025 11:11:28.474" endtime="20181025 11:11:28.605"></status>
</kw>
<kw name="Validate Contact">
<arguments>
<arg>${contact_id}</arg>
<arg>${first_name}</arg>
<arg>${last_name}</arg>
</arguments>
<kw name="Go To Record Home" library="cumulusci.robotframework.Salesforce">
<doc>Navigates to the Home view of a Salesforce Object</doc>
<arguments>
<arg>${contact_id}</arg>
</arguments>
<msg timestamp="20181025 11:11:28.608" level="INFO">Opening url 'https://computing-java-3438-dev-ed.lightning.force.com/lightning/r/0030q00000GwSJsAAN/view'</msg>
<status status="PASS" starttime="20181025 11:11:28.607" endtime="20181025 11:11:32.594"></status>
</kw>
<kw name="Page Should Contain" library="SeleniumLibrary">
<doc>Verifies that current page contains ``text``.</doc>
<arguments>
<arg>${first_name} ${last_name}</arg>
</arguments>
<msg timestamp="20181025 11:11:32.633" level="INFO">Current page contains text 'PTmFLWSW 0V2CZ5zR'.</msg>
<status status="PASS" starttime="20181025 11:11:32.594" endtime="20181025 11:11:32.633"></status>
</kw>
<kw name="Salesforce Get" library="cumulusci.robotframework.Salesforce">
<doc>Gets a Salesforce object by id and returns the dict result</doc>
<arguments>
<arg>Contact</arg>
<arg>${contact_id}</arg>
</arguments>
<assign>
<var>&amp;{contact}</var>
</assign>
<msg timestamp="20181025 11:11:32.633" level="INFO">Getting Contact with Id 0030q00000GwSJsAAN</msg>
<msg timestamp="20181025 11:11:32.794" level="INFO">&amp;{contact} = { attributes={'type': 'Contact', 'url': '/services/data/v43.0/sobjects/Contact/0030q00000GwSJsAAN'} | Id=0030q00000GwSJsAAN | IsDeleted=False | MasterRecordId=None | AccountId=None | LastName=0V2CZ5zR...</msg>
<status status="PASS" starttime="20181025 11:11:32.633" endtime="20181025 11:11:32.795"></status>
</kw>
<kw name="Should Be Equal" library="BuiltIn">
<doc>Fails if the given objects are unequal.</doc>
<arguments>
<arg>${first_name}</arg>
<arg>&amp;{contact}[FirstName]</arg>
</arguments>
<status status="PASS" starttime="20181025 11:11:32.795" endtime="20181025 11:11:32.796"></status>
</kw>
<kw name="Should Be Equal" library="BuiltIn">
<doc>Fails if the given objects are unequal.</doc>
<arguments>
<arg>${last_name}</arg>
<arg>&amp;{contact}[LastName]</arg>
</arguments>
<status status="PASS" starttime="20181025 11:11:32.799" endtime="20181025 11:11:32.800"></status>
</kw>
<status status="PASS" starttime="20181025 11:11:28.606" endtime="20181025 11:11:32.801"></status>
</kw>
<status status="PASS" starttime="20181025 11:11:27.816" endtime="20181025 11:11:32.801" critical="yes"></status>
</test>
<test id="s1-s1-s1-t2" name="Via UI">
<kw name="Generate Random String" library="String">
<doc>Generates a string with a desired ``length`` from the given ``chars``.</doc>
<assign>
<var>${first_name}</var>
</assign>
<msg timestamp="20181025 11:11:32.804" level="INFO">${first_name} = RChVPKDm</msg>
<status status="PASS" starttime="20181025 11:11:32.804" endtime="20181025 11:11:32.805"></status>
</kw>
<kw name="Generate Random String" library="String">
<doc>Generates a string with a desired ``length`` from the given ``chars``.</doc>
<assign>
<var>${last_name}</var>
</assign>
<msg timestamp="20181025 11:11:32.805" level="INFO">${last_name} = Y1HLFs3l</msg>
<status status="PASS" starttime="20181025 11:11:32.805" endtime="20181025 11:11:32.805"></status>
</kw>
<kw name="Go To Object Home" library="cumulusci.robotframework.Salesforce">
<doc>Navigates to the Home view of a Salesforce Object</doc>
<arguments>
<arg>Contact</arg>
</arguments>
<msg timestamp="20181025 11:11:32.806" level="INFO">Opening url 'https://computing-java-3438-dev-ed.lightning.force.com/lightning/o/Contact/home'</msg>
<status status="PASS" starttime="20181025 11:11:32.806" endtime="20181025 11:11:34.520"></status>
</kw>
<kw name="Click Object Button" library="cumulusci.robotframework.Salesforce">
<arguments>
<arg>New</arg>
</arguments>
<msg timestamp="20181025 11:11:34.521" level="INFO">Clicking link 'css: div.windowViewMode-normal ul.forceActionsContainer.oneActionsRibbon a[title='New']'.</msg>
<status status="PASS" starttime="20181025 11:11:34.520" endtime="20181025 11:11:35.884"></status>
</kw>
<kw name="Populate Form" library="cumulusci.robotframework.Salesforce">
<arguments>
<arg>First Name=${first_name}</arg>
<arg>Last Name=${last_name}</arg>
</arguments>
<status status="PASS" starttime="20181025 11:11:35.884" endtime="20181025 11:11:36.356"></status>
</kw>
<kw name="Click Modal Button" library="cumulusci.robotframework.Salesforce">
<arguments>
<arg>Save</arg>
</arguments>
<msg timestamp="20181025 11:11:36.356" level="INFO">Clicking button '//div[contains(@class,'uiModal')]//div[contains(@class,'modal-footer')]//button[.//span[text()='Save']]'.</msg>
<status status="PASS" starttime="20181025 11:11:36.356" endtime="20181025 11:11:38.237"></status>
</kw>
<kw name="Wait Until Modal Is Closed" library="cumulusci.robotframework.Salesforce">
<doc>Wait for modal to close</doc>
<status status="PASS" starttime="20181025 11:11:38.238" endtime="20181025 11:11:45.270"></status>
</kw>
<kw name="Get Current Record Id" library="cumulusci.robotframework.Salesforce">
<doc>Parses the current url to get the object id of the current record.</doc>
<assign>
<var>${contact_id}</var>
</assign>
<msg timestamp="20181025 11:11:45.278" level="INFO">${contact_id} = 0030q00000GwSJxAAN</msg>
<status status="PASS" starttime="20181025 11:11:45.271" endtime="20181025 11:11:45.279"></status>
</kw>
<kw name="Store Session Record" library="cumulusci.robotframework.Salesforce">
<doc>Stores a Salesforce record's id for use in the Delete Session Records keyword</doc>
<arguments>
<arg>Contact</arg>
<arg>${contact_id}</arg>
</arguments>
<msg timestamp="20181025 11:11:45.279" level="INFO">Storing Contact 0030q00000GwSJxAAN to session records</msg>
<status status="PASS" starttime="20181025 11:11:45.279" endtime="20181025 11:11:45.280"></status>
</kw>
<kw name="Validate Contact">
<arguments>
<arg>${contact_id}</arg>
<arg>${first_name}</arg>
<arg>${last_name}</arg>
</arguments>
<kw name="Go To Record Home" library="cumulusci.robotframework.Salesforce">
<doc>Navigates to the Home view of a Salesforce Object</doc>
<arguments>
<arg>${contact_id}</arg>
</arguments>
<msg timestamp="20181025 11:11:45.281" level="INFO">Opening url 'https://computing-java-3438-dev-ed.lightning.force.com/lightning/r/0030q00000GwSJxAAN/view'</msg>
<status status="PASS" starttime="20181025 11:11:45.280" endtime="20181025 11:11:47.823"></status>
</kw>
<kw name="Page Should Contain" library="SeleniumLibrary">
<doc>Verifies that current page contains ``text``.</doc>
<arguments>
<arg>${first_name} ${last_name}</arg>
</arguments>
<msg timestamp="20181025 11:11:47.848" level="INFO">Current page contains text 'RChVPKDm Y1HLFs3l'.</msg>
<status status="PASS" starttime="20181025 11:11:47.823" endtime="20181025 11:11:47.848"></status>
</kw>
<kw name="Salesforce Get" library="cumulusci.robotframework.Salesforce">
<doc>Gets a Salesforce object by id and returns the dict result</doc>
<arguments>
<arg>Contact</arg>
<arg>${contact_id}</arg>
</arguments>
<assign>
<var>&amp;{contact}</var>
</assign>
<msg timestamp="20181025 11:11:47.848" level="INFO">Getting Contact with Id 0030q00000GwSJxAAN</msg>
<msg timestamp="20181025 11:11:47.966" level="INFO">&amp;{contact} = { attributes={'type': 'Contact', 'url': '/services/data/v43.0/sobjects/Contact/0030q00000GwSJxAAN'} | Id=0030q00000GwSJxAAN | IsDeleted=False | MasterRecordId=None | AccountId=None | LastName=Y1HLFs3l...</msg>
<status status="PASS" starttime="20181025 11:11:47.848" endtime="20181025 11:11:47.966"></status>
</kw>
<kw name="Should Be Equal" library="BuiltIn">
<doc>Fails if the given objects are unequal.</doc>
<arguments>
<arg>${first_name}</arg>
<arg>&amp;{contact}[FirstName]</arg>
</arguments>
<status status="PASS" starttime="20181025 11:11:47.966" endtime="20181025 11:11:47.967"></status>
</kw>
<kw name="Should Be Equal" library="BuiltIn">
<doc>Fails if the given objects are unequal.</doc>
<arguments>
<arg>${last_name}</arg>
<arg>&amp;{contact}[LastName]</arg>
</arguments>
<status status="PASS" starttime="20181025 11:11:47.967" endtime="20181025 11:11:47.967"></status>
</kw>
<status status="PASS" starttime="20181025 11:11:45.280" endtime="20181025 11:11:47.967"></status>
</kw>
<status status="PASS" starttime="20181025 11:11:32.803" endtime="20181025 11:11:47.968" critical="yes"></status>
</test>
<kw name="Delete Records and Close Browser" library="Salesforce" type="teardown">
<kw name="Close Browser" library="SeleniumLibrary">
<doc>Closes the current browser.</doc>
<status status="PASS" starttime="20181025 11:11:47.971" endtime="20181025 11:11:48.082"></status>
</kw>
<kw name="Delete Session Records" library="cumulusci.robotframework.Salesforce">
<msg timestamp="20181025 11:11:48.083" level="INFO">Deleting 2 records</msg>
<msg timestamp="20181025 11:11:48.083" level="INFO">  Deleting Contact 0030q00000GwSJxAAN</msg>
<msg timestamp="20181025 11:11:48.083" level="INFO">Deleting Contact with Id 0030q00000GwSJxAAN</msg>
<status status="PASS" starttime="20181025 11:11:48.083" endtime="20181025 11:11:48.817"></status>
</kw>
<status status="PASS" starttime="20181025 11:11:47.970" endtime="20181025 11:11:48.817"></status>
</kw>
<status status="PASS" starttime="20181025 11:11:14.672" endtime="20181025 11:11:48.817"></status>
</suite>
<status status="PASS" starttime="20181025 11:11:14.669" endtime="20181025 11:11:48.822"></status>
</suite>
<status status="PASS" starttime="20181025 11:11:14.630" endtime="20181025 11:11:48.824"></status>
</suite>
<statistics>
<total>
<stat pass="2" fail="0">Critical Tests</stat>
<stat pass="2" fail="0">All Tests</stat>
</total>
<tag>
</tag>
<suite>
<stat pass="2" fail="0" id="s1" name="Tests">Tests</stat>
<stat pass="2" fail="0" id="s1-s1" name="Standard Objects">Tests.Standard Objects</stat>
<stat pass="2" fail="0" id="s1-s1-s1" name="Create Contact">Tests.Standard Objects.Create Contact</stat>
</suite>
</statistics>
<errors>
</errors>
</robot>
